<?xml version="1.0" encoding="UTF-8"?>
<!-- Generated by org.testng.reporters.JUnitXMLReporter -->
<testsuite hostname="LAPTOP-QIFL6AD0" ignored="0" name="Command line test" tests="11" failures="0" timestamp="2020-08-02T15:35:05 IST" time="13.515" errors="0">
  <testcase name="TestdemoExecution" time="0.001" classname="Day_4.TestNGDemoClass"/>
  <testcase name="TestdemoExecution1" time="0.0" classname="Day_4.TestNGDemoClass"/>
  <testcase name="TestdemoExecution3" time="0.0" classname="Day_4.TestNGDemoClass"/>
  <testcase name="testMethodsOne" time="0.001" classname="Day_5.ParallelMethodTest"/>
  <testcase name="testMethodsTwo" time="0.0" classname="Day_5.ParallelMethodTest"/>
  <testcase name="runTest" time="0.0" classname="Day_5.TestNgAdvanceExample"/>
  <testcase name="TestdemoExecution" time="0.001" classname="Day_5.TestNGDemoClass"/>
  <testcase name="TestdemoExecution1" time="0.001" classname="Day_5.TestNGDemoClass"/>
  <testcase name="TestdemoExecution4" time="0.0" classname="Day_5.TestNGDemoClass"/>
  <testcase name="TestdemoExecution3" time="0.001" classname="Day_5.TestNGDemoClass"/>
  <testcase name="TestdemoExecution6" time="0.001" classname="Day_5.TestNGDemoClass"/>
</testsuite> <!-- Command line test -->
