<?xml version="1.0" encoding="UTF-8" ?>
<testsuite tests="11" failures="0" name="TestSuite" time="0.01" errors="0" skipped="0">
  <properties>
[...]
</properties>
  <testcase classname="Day_4.TestNGDemoClass" name="TestdemoExecution" time="0.005"/>
  <testcase classname="Day_4.TestNGDemoClass" name="TestdemoExecution1" time="0"/>
  <testcase classname="Day_4.TestNGDemoClass" name="TestdemoExecution3" time="0"/>
  <testcase classname="Day_5.ParallelMethodTest" name="testMethodsOne" time="0"/>
  <testcase classname="Day_5.ParallelMethodTest" name="testMethodsTwo" time="0.001"/>
  <testcase classname="Day_5.TestNgAdvanceExample" name="runTest" time="0.001"/>
  <testcase classname="Day_5.TestNGDemoClass" name="TestdemoExecution" time="0.001"/>
  <testcase classname="Day_5.TestNGDemoClass" name="TestdemoExecution1" time="0"/>
  <testcase classname="Day_5.TestNGDemoClass" name="TestdemoExecution4" time="0.001"/>
  <testcase classname="Day_5.TestNGDemoClass" name="TestdemoExecution3" time="0"/>
  <testcase classname="Day_5.TestNGDemoClass" name="TestdemoExecution6" time="0.001"/>
</testsuite>